Determining if the include file dl.h exists failed with the following output:
Change Dir: /home/gpli/llvm-2.9-build/CMakeFiles/CMakeTmp

Run Build Command:/usr/bin/make "cmTryCompileExec/fast"
/usr/bin/make -f CMakeFiles/cmTryCompileExec.dir/build.make CMakeFiles/cmTryCompileExec.dir/build
make[1]: Entering directory `/home/gpli/llvm-2.9-build/CMakeFiles/CMakeTmp'
/usr/bin/cmake -E cmake_progress_report /home/gpli/llvm-2.9-build/CMakeFiles/CMakeTmp/CMakeFiles 1
Building C object CMakeFiles/cmTryCompileExec.dir/CheckIncludeFile.c.o
/usr/bin/gcc    -o CMakeFiles/cmTryCompileExec.dir/CheckIncludeFile.c.o   -c /home/gpli/llvm-2.9-build/CMakeFiles/CMakeTmp/CheckIncludeFile.c
/home/gpli/llvm-2.9-build/CMakeFiles/CMakeTmp/CheckIncludeFile.c:1:16: fatal error: dl.h: No such file or directory
compilation terminated.
make[1]: Leaving directory `/home/gpli/llvm-2.9-build/CMakeFiles/CMakeTmp'
make[1]: *** [CMakeFiles/cmTryCompileExec.dir/CheckIncludeFile.c.o] Error 1
make: *** [cmTryCompileExec/fast] Error 2


Determining if the include file dld.h exists failed with the following output:
Change Dir: /home/gpli/llvm-2.9-build/CMakeFiles/CMakeTmp

Run Build Command:/usr/bin/make "cmTryCompileExec/fast"
/usr/bin/make -f CMakeFiles/cmTryCompileExec.dir/build.make CMakeFiles/cmTryCompileExec.dir/build
make[1]: Entering directory `/home/gpli/llvm-2.9-build/CMakeFiles/CMakeTmp'
/usr/bin/cmake -E cmake_progress_report /home/gpli/llvm-2.9-build/CMakeFiles/CMakeTmp/CMakeFiles 1
Building C object CMakeFiles/cmTryCompileExec.dir/CheckIncludeFile.c.o
/usr/bin/gcc    -o CMakeFiles/cmTryCompileExec.dir/CheckIncludeFile.c.o   -c /home/gpli/llvm-2.9-build/CMakeFiles/CMakeTmp/CheckIncludeFile.c
/home/gpli/llvm-2.9-build/CMakeFiles/CMakeTmp/CheckIncludeFile.c:1:17: fatal error: dld.h: No such file or directory
compilation terminated.
make[1]: Leaving directory `/home/gpli/llvm-2.9-build/CMakeFiles/CMakeTmp'
make[1]: *** [CMakeFiles/cmTryCompileExec.dir/CheckIncludeFile.c.o] Error 1
make: *** [cmTryCompileExec/fast] Error 2


Determining if the include file malloc/malloc.h exists failed with the following output:
Change Dir: /home/gpli/llvm-2.9-build/CMakeFiles/CMakeTmp

Run Build Command:/usr/bin/make "cmTryCompileExec/fast"
/usr/bin/make -f CMakeFiles/cmTryCompileExec.dir/build.make CMakeFiles/cmTryCompileExec.dir/build
make[1]: Entering directory `/home/gpli/llvm-2.9-build/CMakeFiles/CMakeTmp'
/usr/bin/cmake -E cmake_progress_report /home/gpli/llvm-2.9-build/CMakeFiles/CMakeTmp/CMakeFiles 1
Building C object CMakeFiles/cmTryCompileExec.dir/CheckIncludeFile.c.o
/usr/bin/gcc    -o CMakeFiles/cmTryCompileExec.dir/CheckIncludeFile.c.o   -c /home/gpli/llvm-2.9-build/CMakeFiles/CMakeTmp/CheckIncludeFile.c
/home/gpli/llvm-2.9-build/CMakeFiles/CMakeTmp/CheckIncludeFile.c:1:27: fatal error: malloc/malloc.h: No such file or directory
compilation terminated.
make[1]: Leaving directory `/home/gpli/llvm-2.9-build/CMakeFiles/CMakeTmp'
make[1]: *** [CMakeFiles/cmTryCompileExec.dir/CheckIncludeFile.c.o] Error 1
make: *** [cmTryCompileExec/fast] Error 2


Determining if the include file ndir.h exists failed with the following output:
Change Dir: /home/gpli/llvm-2.9-build/CMakeFiles/CMakeTmp

Run Build Command:/usr/bin/make "cmTryCompileExec/fast"
/usr/bin/make -f CMakeFiles/cmTryCompileExec.dir/build.make CMakeFiles/cmTryCompileExec.dir/build
make[1]: Entering directory `/home/gpli/llvm-2.9-build/CMakeFiles/CMakeTmp'
/usr/bin/cmake -E cmake_progress_report /home/gpli/llvm-2.9-build/CMakeFiles/CMakeTmp/CMakeFiles 1
Building C object CMakeFiles/cmTryCompileExec.dir/CheckIncludeFile.c.o
/usr/bin/gcc    -o CMakeFiles/cmTryCompileExec.dir/CheckIncludeFile.c.o   -c /home/gpli/llvm-2.9-build/CMakeFiles/CMakeTmp/CheckIncludeFile.c
/home/gpli/llvm-2.9-build/CMakeFiles/CMakeTmp/CheckIncludeFile.c:1:18: fatal error: ndir.h: No such file or directory
compilation terminated.
make[1]: Leaving directory `/home/gpli/llvm-2.9-build/CMakeFiles/CMakeTmp'
make[1]: *** [CMakeFiles/cmTryCompileExec.dir/CheckIncludeFile.c.o] Error 1
make: *** [cmTryCompileExec/fast] Error 2


Determining if the include file sys/dl.h exists failed with the following output:
Change Dir: /home/gpli/llvm-2.9-build/CMakeFiles/CMakeTmp

Run Build Command:/usr/bin/make "cmTryCompileExec/fast"
/usr/bin/make -f CMakeFiles/cmTryCompileExec.dir/build.make CMakeFiles/cmTryCompileExec.dir/build
make[1]: Entering directory `/home/gpli/llvm-2.9-build/CMakeFiles/CMakeTmp'
/usr/bin/cmake -E cmake_progress_report /home/gpli/llvm-2.9-build/CMakeFiles/CMakeTmp/CMakeFiles 1
Building C object CMakeFiles/cmTryCompileExec.dir/CheckIncludeFile.c.o
/usr/bin/gcc    -o CMakeFiles/cmTryCompileExec.dir/CheckIncludeFile.c.o   -c /home/gpli/llvm-2.9-build/CMakeFiles/CMakeTmp/CheckIncludeFile.c
/home/gpli/llvm-2.9-build/CMakeFiles/CMakeTmp/CheckIncludeFile.c:1:20: fatal error: sys/dl.h: No such file or directory
compilation terminated.
make[1]: Leaving directory `/home/gpli/llvm-2.9-build/CMakeFiles/CMakeTmp'
make[1]: *** [CMakeFiles/cmTryCompileExec.dir/CheckIncludeFile.c.o] Error 1
make: *** [cmTryCompileExec/fast] Error 2


Determining if the include file sys/ndir.h exists failed with the following output:
Change Dir: /home/gpli/llvm-2.9-build/CMakeFiles/CMakeTmp

Run Build Command:/usr/bin/make "cmTryCompileExec/fast"
/usr/bin/make -f CMakeFiles/cmTryCompileExec.dir/build.make CMakeFiles/cmTryCompileExec.dir/build
make[1]: Entering directory `/home/gpli/llvm-2.9-build/CMakeFiles/CMakeTmp'
/usr/bin/cmake -E cmake_progress_report /home/gpli/llvm-2.9-build/CMakeFiles/CMakeTmp/CMakeFiles 1
Building C object CMakeFiles/cmTryCompileExec.dir/CheckIncludeFile.c.o
/usr/bin/gcc    -o CMakeFiles/cmTryCompileExec.dir/CheckIncludeFile.c.o   -c /home/gpli/llvm-2.9-build/CMakeFiles/CMakeTmp/CheckIncludeFile.c
/home/gpli/llvm-2.9-build/CMakeFiles/CMakeTmp/CheckIncludeFile.c:1:22: fatal error: sys/ndir.h: No such file or directory
compilation terminated.
make[1]: Leaving directory `/home/gpli/llvm-2.9-build/CMakeFiles/CMakeTmp'
make[1]: *** [CMakeFiles/cmTryCompileExec.dir/CheckIncludeFile.c.o] Error 1
make: *** [cmTryCompileExec/fast] Error 2


Determining if the include file valgrind/valgrind.h exists failed with the following output:
Change Dir: /home/gpli/llvm-2.9-build/CMakeFiles/CMakeTmp

Run Build Command:/usr/bin/make "cmTryCompileExec/fast"
/usr/bin/make -f CMakeFiles/cmTryCompileExec.dir/build.make CMakeFiles/cmTryCompileExec.dir/build
make[1]: Entering directory `/home/gpli/llvm-2.9-build/CMakeFiles/CMakeTmp'
/usr/bin/cmake -E cmake_progress_report /home/gpli/llvm-2.9-build/CMakeFiles/CMakeTmp/CMakeFiles 1
Building C object CMakeFiles/cmTryCompileExec.dir/CheckIncludeFile.c.o
/usr/bin/gcc    -o CMakeFiles/cmTryCompileExec.dir/CheckIncludeFile.c.o   -c /home/gpli/llvm-2.9-build/CMakeFiles/CMakeTmp/CheckIncludeFile.c
/home/gpli/llvm-2.9-build/CMakeFiles/CMakeTmp/CheckIncludeFile.c:1:31: fatal error: valgrind/valgrind.h: No such file or directory
compilation terminated.
make[1]: Leaving directory `/home/gpli/llvm-2.9-build/CMakeFiles/CMakeTmp'
make[1]: *** [CMakeFiles/cmTryCompileExec.dir/CheckIncludeFile.c.o] Error 1
make: *** [cmTryCompileExec/fast] Error 2


Determining if the include file windows.h exists failed with the following output:
Change Dir: /home/gpli/llvm-2.9-build/CMakeFiles/CMakeTmp

Run Build Command:/usr/bin/make "cmTryCompileExec/fast"
/usr/bin/make -f CMakeFiles/cmTryCompileExec.dir/build.make CMakeFiles/cmTryCompileExec.dir/build
make[1]: Entering directory `/home/gpli/llvm-2.9-build/CMakeFiles/CMakeTmp'
/usr/bin/cmake -E cmake_progress_report /home/gpli/llvm-2.9-build/CMakeFiles/CMakeTmp/CMakeFiles 1
Building C object CMakeFiles/cmTryCompileExec.dir/CheckIncludeFile.c.o
/usr/bin/gcc    -o CMakeFiles/cmTryCompileExec.dir/CheckIncludeFile.c.o   -c /home/gpli/llvm-2.9-build/CMakeFiles/CMakeTmp/CheckIncludeFile.c
/home/gpli/llvm-2.9-build/CMakeFiles/CMakeTmp/CheckIncludeFile.c:1:21: fatal error: windows.h: No such file or directory
compilation terminated.
make[1]: Leaving directory `/home/gpli/llvm-2.9-build/CMakeFiles/CMakeTmp'
make[1]: *** [CMakeFiles/cmTryCompileExec.dir/CheckIncludeFile.c.o] Error 1
make: *** [cmTryCompileExec/fast] Error 2


Determining if the include file mach/mach.h exists failed with the following output:
Change Dir: /home/gpli/llvm-2.9-build/CMakeFiles/CMakeTmp

Run Build Command:/usr/bin/make "cmTryCompileExec/fast"
/usr/bin/make -f CMakeFiles/cmTryCompileExec.dir/build.make CMakeFiles/cmTryCompileExec.dir/build
make[1]: Entering directory `/home/gpli/llvm-2.9-build/CMakeFiles/CMakeTmp'
/usr/bin/cmake -E cmake_progress_report /home/gpli/llvm-2.9-build/CMakeFiles/CMakeTmp/CMakeFiles 1
Building C object CMakeFiles/cmTryCompileExec.dir/CheckIncludeFile.c.o
/usr/bin/gcc    -o CMakeFiles/cmTryCompileExec.dir/CheckIncludeFile.c.o   -c /home/gpli/llvm-2.9-build/CMakeFiles/CMakeTmp/CheckIncludeFile.c
/home/gpli/llvm-2.9-build/CMakeFiles/CMakeTmp/CheckIncludeFile.c:1:23: fatal error: mach/mach.h: No such file or directory
compilation terminated.
make[1]: Leaving directory `/home/gpli/llvm-2.9-build/CMakeFiles/CMakeTmp'
make[1]: *** [CMakeFiles/cmTryCompileExec.dir/CheckIncludeFile.c.o] Error 1
make: *** [cmTryCompileExec/fast] Error 2


Determining if the include file mach-o/dyld.h exists failed with the following output:
Change Dir: /home/gpli/llvm-2.9-build/CMakeFiles/CMakeTmp

Run Build Command:/usr/bin/make "cmTryCompileExec/fast"
/usr/bin/make -f CMakeFiles/cmTryCompileExec.dir/build.make CMakeFiles/cmTryCompileExec.dir/build
make[1]: Entering directory `/home/gpli/llvm-2.9-build/CMakeFiles/CMakeTmp'
/usr/bin/cmake -E cmake_progress_report /home/gpli/llvm-2.9-build/CMakeFiles/CMakeTmp/CMakeFiles 1
Building C object CMakeFiles/cmTryCompileExec.dir/CheckIncludeFile.c.o
/usr/bin/gcc    -o CMakeFiles/cmTryCompileExec.dir/CheckIncludeFile.c.o   -c /home/gpli/llvm-2.9-build/CMakeFiles/CMakeTmp/CheckIncludeFile.c
/home/gpli/llvm-2.9-build/CMakeFiles/CMakeTmp/CheckIncludeFile.c:1:25: fatal error: mach-o/dyld.h: No such file or directory
compilation terminated.
make[1]: Leaving directory `/home/gpli/llvm-2.9-build/CMakeFiles/CMakeTmp'
make[1]: *** [CMakeFiles/cmTryCompileExec.dir/CheckIncludeFile.c.o] Error 1
make: *** [cmTryCompileExec/fast] Error 2


Determining if the isinf exist failed with the following output:
Change Dir: /home/gpli/llvm-2.9-build/CMakeFiles/CMakeTmp

Run Build Command:/usr/bin/make "cmTryCompileExec/fast"
/usr/bin/make -f CMakeFiles/cmTryCompileExec.dir/build.make CMakeFiles/cmTryCompileExec.dir/build
make[1]: Entering directory `/home/gpli/llvm-2.9-build/CMakeFiles/CMakeTmp'
/usr/bin/cmake -E cmake_progress_report /home/gpli/llvm-2.9-build/CMakeFiles/CMakeTmp/CMakeFiles 1
Building C object CMakeFiles/cmTryCompileExec.dir/CheckSymbolExists.c.o
/usr/bin/gcc    -o CMakeFiles/cmTryCompileExec.dir/CheckSymbolExists.c.o   -c /home/gpli/llvm-2.9-build/CMakeFiles/CMakeTmp/CheckSymbolExists.c
/home/gpli/llvm-2.9-build/CMakeFiles/CMakeTmp/CheckSymbolExists.c:2:17: fatal error: cmath: No such file or directory
compilation terminated.
make[1]: Leaving directory `/home/gpli/llvm-2.9-build/CMakeFiles/CMakeTmp'
make[1]: *** [CMakeFiles/cmTryCompileExec.dir/CheckSymbolExists.c.o] Error 1
make: *** [cmTryCompileExec/fast] Error 2

File /home/gpli/llvm-2.9-build/CMakeFiles/CMakeTmp/CheckSymbolExists.c:
/* */
#include <cmath>

void cmakeRequireSymbol(int dummy,...){(void)dummy;}
int main()
{
#ifndef isinf
  cmakeRequireSymbol(0,&isinf);
#endif
  return 0;
}

Determining if the finite exist failed with the following output:
Change Dir: /home/gpli/llvm-2.9-build/CMakeFiles/CMakeTmp

Run Build Command:/usr/bin/make "cmTryCompileExec/fast"
/usr/bin/make -f CMakeFiles/cmTryCompileExec.dir/build.make CMakeFiles/cmTryCompileExec.dir/build
make[1]: Entering directory `/home/gpli/llvm-2.9-build/CMakeFiles/CMakeTmp'
/usr/bin/cmake -E cmake_progress_report /home/gpli/llvm-2.9-build/CMakeFiles/CMakeTmp/CMakeFiles 1
Building C object CMakeFiles/cmTryCompileExec.dir/CheckSymbolExists.c.o
/usr/bin/gcc    -o CMakeFiles/cmTryCompileExec.dir/CheckSymbolExists.c.o   -c /home/gpli/llvm-2.9-build/CMakeFiles/CMakeTmp/CheckSymbolExists.c
/home/gpli/llvm-2.9-build/CMakeFiles/CMakeTmp/CheckSymbolExists.c:2:20: fatal error: ieeefp.h: No such file or directory
compilation terminated.
make[1]: Leaving directory `/home/gpli/llvm-2.9-build/CMakeFiles/CMakeTmp'
make[1]: *** [CMakeFiles/cmTryCompileExec.dir/CheckSymbolExists.c.o] Error 1
make: *** [cmTryCompileExec/fast] Error 2

File /home/gpli/llvm-2.9-build/CMakeFiles/CMakeTmp/CheckSymbolExists.c:
/* */
#include <ieeefp.h>

void cmakeRequireSymbol(int dummy,...){(void)dummy;}
int main()
{
#ifndef finite
  cmakeRequireSymbol(0,&finite);
#endif
  return 0;
}

Determining if the isnan exist failed with the following output:
Change Dir: /home/gpli/llvm-2.9-build/CMakeFiles/CMakeTmp

Run Build Command:/usr/bin/make "cmTryCompileExec/fast"
/usr/bin/make -f CMakeFiles/cmTryCompileExec.dir/build.make CMakeFiles/cmTryCompileExec.dir/build
make[1]: Entering directory `/home/gpli/llvm-2.9-build/CMakeFiles/CMakeTmp'
/usr/bin/cmake -E cmake_progress_report /home/gpli/llvm-2.9-build/CMakeFiles/CMakeTmp/CMakeFiles 1
Building C object CMakeFiles/cmTryCompileExec.dir/CheckSymbolExists.c.o
/usr/bin/gcc    -o CMakeFiles/cmTryCompileExec.dir/CheckSymbolExists.c.o   -c /home/gpli/llvm-2.9-build/CMakeFiles/CMakeTmp/CheckSymbolExists.c
/home/gpli/llvm-2.9-build/CMakeFiles/CMakeTmp/CheckSymbolExists.c:2:17: fatal error: cmath: No such file or directory
compilation terminated.
make[1]: Leaving directory `/home/gpli/llvm-2.9-build/CMakeFiles/CMakeTmp'
make[1]: *** [CMakeFiles/cmTryCompileExec.dir/CheckSymbolExists.c.o] Error 1
make: *** [cmTryCompileExec/fast] Error 2

File /home/gpli/llvm-2.9-build/CMakeFiles/CMakeTmp/CheckSymbolExists.c:
/* */
#include <cmath>

void cmakeRequireSymbol(int dummy,...){(void)dummy;}
int main()
{
#ifndef isnan
  cmakeRequireSymbol(0,&isnan);
#endif
  return 0;
}

Determining if the malloc_zone_statistics exist failed with the following output:
Change Dir: /home/gpli/llvm-2.9-build/CMakeFiles/CMakeTmp

Run Build Command:/usr/bin/make "cmTryCompileExec/fast"
/usr/bin/make -f CMakeFiles/cmTryCompileExec.dir/build.make CMakeFiles/cmTryCompileExec.dir/build
make[1]: Entering directory `/home/gpli/llvm-2.9-build/CMakeFiles/CMakeTmp'
/usr/bin/cmake -E cmake_progress_report /home/gpli/llvm-2.9-build/CMakeFiles/CMakeTmp/CMakeFiles 1
Building C object CMakeFiles/cmTryCompileExec.dir/CheckSymbolExists.c.o
/usr/bin/gcc    -o CMakeFiles/cmTryCompileExec.dir/CheckSymbolExists.c.o   -c /home/gpli/llvm-2.9-build/CMakeFiles/CMakeTmp/CheckSymbolExists.c
/home/gpli/llvm-2.9-build/CMakeFiles/CMakeTmp/CheckSymbolExists.c:2:27: fatal error: malloc/malloc.h: No such file or directory
compilation terminated.
make[1]: Leaving directory `/home/gpli/llvm-2.9-build/CMakeFiles/CMakeTmp'
make[1]: *** [CMakeFiles/cmTryCompileExec.dir/CheckSymbolExists.c.o] Error 1
make: *** [cmTryCompileExec/fast] Error 2

File /home/gpli/llvm-2.9-build/CMakeFiles/CMakeTmp/CheckSymbolExists.c:
/* */
#include <malloc/malloc.h>

void cmakeRequireSymbol(int dummy,...){(void)dummy;}
int main()
{
#ifndef malloc_zone_statistics
  cmakeRequireSymbol(0,&malloc_zone_statistics);
#endif
  return 0;
}

Determining if the strerror_s exist failed with the following output:
Change Dir: /home/gpli/llvm-2.9-build/CMakeFiles/CMakeTmp

Run Build Command:/usr/bin/make "cmTryCompileExec/fast"
/usr/bin/make -f CMakeFiles/cmTryCompileExec.dir/build.make CMakeFiles/cmTryCompileExec.dir/build
make[1]: Entering directory `/home/gpli/llvm-2.9-build/CMakeFiles/CMakeTmp'
/usr/bin/cmake -E cmake_progress_report /home/gpli/llvm-2.9-build/CMakeFiles/CMakeTmp/CMakeFiles 1
Building C object CMakeFiles/cmTryCompileExec.dir/CheckSymbolExists.c.o
/usr/bin/gcc    -o CMakeFiles/cmTryCompileExec.dir/CheckSymbolExists.c.o   -c /home/gpli/llvm-2.9-build/CMakeFiles/CMakeTmp/CheckSymbolExists.c
/home/gpli/llvm-2.9-build/CMakeFiles/CMakeTmp/CheckSymbolExists.c: In function ‘main’:
/home/gpli/llvm-2.9-build/CMakeFiles/CMakeTmp/CheckSymbolExists.c:8:25: error: ‘strerror_s’ undeclared (first use in this function)
/home/gpli/llvm-2.9-build/CMakeFiles/CMakeTmp/CheckSymbolExists.c:8:25: note: each undeclared identifier is reported only once for each function it appears in
make[1]: Leaving directory `/home/gpli/llvm-2.9-build/CMakeFiles/CMakeTmp'
make[1]: *** [CMakeFiles/cmTryCompileExec.dir/CheckSymbolExists.c.o] Error 1
make: *** [cmTryCompileExec/fast] Error 2

File /home/gpli/llvm-2.9-build/CMakeFiles/CMakeTmp/CheckSymbolExists.c:
/* */
#include <string.h>

void cmakeRequireSymbol(int dummy,...){(void)dummy;}
int main()
{
#ifndef strerror_s
  cmakeRequireSymbol(0,&strerror_s);
#endif
  return 0;
}

Performing C++ SOURCE FILE Test HAVE_BI_ITERATOR failed with the following output:
Change Dir: /home/gpli/llvm-2.9-build/CMakeFiles/CMakeTmp

Run Build Command:/usr/bin/make "cmTryCompileExec/fast"
/usr/bin/make -f CMakeFiles/cmTryCompileExec.dir/build.make CMakeFiles/cmTryCompileExec.dir/build
make[1]: Entering directory `/home/gpli/llvm-2.9-build/CMakeFiles/CMakeTmp'
/usr/bin/cmake -E cmake_progress_report /home/gpli/llvm-2.9-build/CMakeFiles/CMakeTmp/CMakeFiles 1
Building CXX object CMakeFiles/cmTryCompileExec.dir/src.cxx.o
/usr/bin/c++    -DHAVE_BI_ITERATOR   -o CMakeFiles/cmTryCompileExec.dir/src.cxx.o -c /home/gpli/llvm-2.9-build/CMakeFiles/CMakeTmp/src.cxx
/home/gpli/llvm-2.9-build/CMakeFiles/CMakeTmp/src.cxx:4:2: error: ‘bidirectional_iterator’ in namespace ‘std’ does not name a type
make[1]: *** [CMakeFiles/cmTryCompileExec.dir/src.cxx.o] Error 1
make[1]: Leaving directory `/home/gpli/llvm-2.9-build/CMakeFiles/CMakeTmp'
make: *** [cmTryCompileExec/fast] Error 2

Source file was:

    #include<iterator>
#include<iostream>
 std::bidirectional_iterator<int,int> typeVar;
    int main() {
        return 0;
    }
    
Performing C++ SOURCE FILE Test HAVE_FWD_ITERATOR failed with the following output:
Change Dir: /home/gpli/llvm-2.9-build/CMakeFiles/CMakeTmp

Run Build Command:/usr/bin/make "cmTryCompileExec/fast"
/usr/bin/make -f CMakeFiles/cmTryCompileExec.dir/build.make CMakeFiles/cmTryCompileExec.dir/build
make[1]: Entering directory `/home/gpli/llvm-2.9-build/CMakeFiles/CMakeTmp'
/usr/bin/cmake -E cmake_progress_report /home/gpli/llvm-2.9-build/CMakeFiles/CMakeTmp/CMakeFiles 1
Building CXX object CMakeFiles/cmTryCompileExec.dir/src.cxx.o
/usr/bin/c++    -DHAVE_FWD_ITERATOR   -o CMakeFiles/cmTryCompileExec.dir/src.cxx.o -c /home/gpli/llvm-2.9-build/CMakeFiles/CMakeTmp/src.cxx
/home/gpli/llvm-2.9-build/CMakeFiles/CMakeTmp/src.cxx:3:2: error: ‘forward_iterator’ in namespace ‘std’ does not name a type
make[1]: Leaving directory `/home/gpli/llvm-2.9-build/CMakeFiles/CMakeTmp'
make[1]: *** [CMakeFiles/cmTryCompileExec.dir/src.cxx.o] Error 1
make: *** [cmTryCompileExec/fast] Error 2

Source file was:

    #include<iterator>
 std::forward_iterator<int,int> typeVar;
    int main() {
        return 0;
    }
    
Determining if the system is big endian passed with the following output:
Change Dir: /home/gpli/llvm-2.9-build/CMakeFiles/CMakeTmp

Run Build Command:/usr/bin/make "cmTryCompileExec/fast"
/usr/bin/make -f CMakeFiles/cmTryCompileExec.dir/build.make CMakeFiles/cmTryCompileExec.dir/build
make[1]: Entering directory `/home/gpli/llvm-2.9-build/CMakeFiles/CMakeTmp'
/usr/bin/cmake -E cmake_progress_report /home/gpli/llvm-2.9-build/CMakeFiles/CMakeTmp/CMakeFiles 1
Building C object CMakeFiles/cmTryCompileExec.dir/TestEndianess.c.o
/usr/bin/gcc   -fPIC -fPIC     -o CMakeFiles/cmTryCompileExec.dir/TestEndianess.c.o   -c /home/gpli/llvm-2.9-build/CMakeFiles/CMakeTmp/TestEndianess.c
Linking C executable cmTryCompileExec
/usr/bin/cmake -E cmake_link_script CMakeFiles/cmTryCompileExec.dir/link.txt --verbose=1
/usr/bin/gcc    -fPIC -fPIC      CMakeFiles/cmTryCompileExec.dir/TestEndianess.c.o  -o cmTryCompileExec -rdynamic 
make[1]: Leaving directory `/home/gpli/llvm-2.9-build/CMakeFiles/CMakeTmp'

TestEndianess.c:
/* A 16 bit integer is required. */
typedef unsigned short cmakeint16;

/* On a little endian machine, these 16bit ints will give "THIS IS LITTLE ENDIAN."
   On a big endian machine the characters will be exchanged pairwise. */
const cmakeint16 info_little[] =  {0x4854, 0x5349, 0x4920, 0x2053, 0x494c, 0x5454, 0x454c, 0x4520, 0x444e, 0x4149, 0x2e4e, 0x0000};

/* on a big endian machine, these 16bit ints will give "THIS IS BIG ENDIAN."
   On a little endian machine the characters will be exchanged pairwise. */
const cmakeint16 info_big[] =     {0x5448, 0x4953, 0x2049, 0x5320, 0x4249, 0x4720, 0x454e, 0x4449, 0x414e, 0x2e2e, 0x0000};

#ifdef __CLASSIC_C__
int main(argc, argv) int argc; char *argv[];
#else
int main(int argc, char *argv[])
#endif
{
  int require = 0;
  require += info_little[argc];
  require += info_big[argc];
  (void)argv;
  return require;
}


